<?xml version="1.0" encoding="UTF-8"?>
<!-- Generated by org.testng.reporters.JUnitXMLReporter -->
<testsuite ignored="0" hostname="DESKTOP-5JPH78U" failures="0" tests="3" name="Default test" time="18.344" errors="0" timestamp="2021-03-16T23:51:19 EET">
  <testcase classname="testScenarios.ShopingCartTest" name="UserAddProductToCart" time="13.955"/>
  <testcase classname="testScenarios.ShopingCartTest" name="UpdateProductQuantity" time="2.209"/>
  <testcase classname="testScenarios.ShopingCartTest" name="UserRemoveProductFromCart" time="2.127"/>
</testsuite> <!-- Default test -->
