<?xml version="1.0" encoding="UTF-8"?>
<!-- Generated by org.testng.reporters.JUnitReportReporter -->
<testsuite hostname="DESKTOP-5JPH78U" failures="0" tests="3" name="testScenarios.UserRegistrationTest" time="21.007" errors="0" timestamp="2021-03-16T23:27:11 EET" skipped="0">
  <testcase classname="testScenarios.UserRegistrationTest" name="RegisteredUserLogin" time="6.050"/>
  <system-out/>
  <testcase classname="testScenarios.UserRegistrationTest" name="RegisteredUserLogout" time="5.951"/>
  <system-out/>
  <testcase classname="testScenarios.UserRegistrationTest" name="UserRegister" time="9.006"/>
  <system-out/>
</testsuite> <!-- testScenarios.UserRegistrationTest -->
