<?xml version="1.0" encoding="UTF-8"?>
<!-- Generated by org.testng.reporters.JUnitReportReporter -->
<testsuite hostname="DESKTOP-5JPH78U" failures="0" tests="2" name="testScenarios.ProductDetailsTest" time="17.272" errors="0" timestamp="2021-03-15T22:46:29 EET" skipped="0">
  <testcase classname="testScenarios.ProductDetailsTest" name="UserAddProductToCart" time="4.469"/>
  <system-out/>
  <testcase classname="testScenarios.ProductDetailsTest" name="LoggedInUserOpenItemPage" time="12.803"/>
  <system-out/>
</testsuite> <!-- testScenarios.ProductDetailsTest -->
