<?xml version="1.0" encoding="UTF-8"?>
<!-- Generated by org.testng.reporters.JUnitReportReporter -->
<testsuite hostname="DESKTOP-5JPH78U" failures="0" tests="3" name="testScenarios.ShopingCartTest" time="18.291" errors="0" timestamp="2021-03-16T23:51:19 EET" skipped="0">
  <testcase classname="testScenarios.ShopingCartTest" name="UpdateProductQuantity" time="2.209"/>
  <system-out/>
  <testcase classname="testScenarios.ShopingCartTest" name="UserRemoveProductFromCart" time="2.127"/>
  <system-out/>
  <testcase classname="testScenarios.ShopingCartTest" name="UserAddProductToCart" time="13.955"/>
  <system-out/>
</testsuite> <!-- testScenarios.ShopingCartTest -->
