<?xml version="1.0" encoding="UTF-8"?>
<!-- Generated by org.testng.reporters.JUnitReportReporter -->
<testsuite hostname="DESKTOP-5JPH78U" failures="0" tests="2" name="testScenarios.RegisteredUserCheckoutCart" time="74.161" errors="0" timestamp="2021-03-16T23:43:44 EET" skipped="0">
  <testcase classname="testScenarios.RegisteredUserCheckoutCart" name="LoggedOutUserCheckoutHisCart" time="33.840"/>
  <system-out/>
  <testcase classname="testScenarios.RegisteredUserCheckoutCart" name="LoggedInUserCheckoutHisCart" time="40.321"/>
  <system-out/>
</testsuite> <!-- testScenarios.RegisteredUserCheckoutCart -->
